<?xml version="1.0" encoding="UTF-8"?>
<testng-results skipped="0" failed="0" ignored="0" total="2" passed="2">
  <reporter-output>
  </reporter-output>
  <suite name="Suite" duration-ms="18197" started-at="2020-03-07T21:03:56 EST" finished-at="2020-03-07T21:04:14 EST">
    <groups>
    </groups>
    <test name="Test" duration-ms="18197" started-at="2020-03-07T21:03:56 EST" finished-at="2020-03-07T21:04:14 EST">
      <class name="Selenium_Grid_Concept.Crmpro_Grid">
        <test-method status="PASS" signature="setUp()[pri:0, instance:Selenium_Grid_Concept.Crmpro_Grid@5ae63ade]" name="setUp" is-config="true" duration-ms="11061" started-at="2020-03-07T21:03:56 EST" finished-at="2020-03-07T21:04:07 EST">
          <reporter-output>
          </reporter-output>
        </test-method> <!-- setUp -->
        <test-method status="PASS" signature="pageTitleTest()[pri:0, instance:Selenium_Grid_Concept.Crmpro_Grid@5ae63ade]" name="pageTitleTest" duration-ms="30" started-at="2020-03-07T21:04:07 EST" finished-at="2020-03-07T21:04:07 EST">
          <reporter-output>
          </reporter-output>
        </test-method> <!-- pageTitleTest -->
        <test-method status="PASS" signature="tearDown()[pri:0, instance:Selenium_Grid_Concept.Crmpro_Grid@5ae63ade]" name="tearDown" is-config="true" duration-ms="401" started-at="2020-03-07T21:04:07 EST" finished-at="2020-03-07T21:04:08 EST">
          <reporter-output>
          </reporter-output>
        </test-method> <!-- tearDown -->
      </class> <!-- Selenium_Grid_Concept.Crmpro_Grid -->
      <class name="Selenium_Grid_Concept.Crmpro_Grid2">
        <test-method status="PASS" signature="setUp()[pri:0, instance:Selenium_Grid_Concept.Crmpro_Grid2@610694f1]" name="setUp" is-config="true" duration-ms="12073" started-at="2020-03-07T21:03:56 EST" finished-at="2020-03-07T21:04:08 EST">
          <reporter-output>
          </reporter-output>
        </test-method> <!-- setUp -->
        <test-method status="PASS" signature="pageTitleTest()[pri:0, instance:Selenium_Grid_Concept.Crmpro_Grid2@610694f1]" name="pageTitleTest" duration-ms="36" started-at="2020-03-07T21:04:08 EST" finished-at="2020-03-07T21:04:08 EST">
          <reporter-output>
          </reporter-output>
        </test-method> <!-- pageTitleTest -->
        <test-method status="PASS" signature="tearDown()[pri:0, instance:Selenium_Grid_Concept.Crmpro_Grid2@610694f1]" name="tearDown" is-config="true" duration-ms="6022" started-at="2020-03-07T21:04:08 EST" finished-at="2020-03-07T21:04:14 EST">
          <reporter-output>
          </reporter-output>
        </test-method> <!-- tearDown -->
      </class> <!-- Selenium_Grid_Concept.Crmpro_Grid2 -->
    </test> <!-- Test -->
  </suite> <!-- Suite -->
</testng-results>
